[     280ms] [INFO] %cDownload the React DevTools for a better development experience: https://react.dev/link/react-devtools font-weight:bold @ http://localhost:3000/super-admin/_next/static/chunks/0kic_next_dist_0z41kha._.js:2477
[     425ms] [LOG] [HMR] connected @ http://localhost:3000/super-admin/_next/static/chunks/0kic_next_dist_0z41kha._.js:2477
[    1075ms] [LOG] For syntax highlighting of code blocks, you must provide a `createCodeBlockSpec({ createHighlighter: () => ... })` function @ http://localhost:3000/super-admin/_next/static/chunks/0kic_next_dist_0z41kha._.js:2477
[   29344ms] [INFO] %cDownload the React DevTools for a better development experience: https://react.dev/link/react-devtools font-weight:bold @ http://localhost:3000/admin/_next/static/chunks/0kic_next_dist_0z41kha._.js:2477
[   29362ms] [LOG] [HMR] connected @ http://localhost:3000/admin/_next/static/chunks/0kic_next_dist_0z41kha._.js:2477
[   29759ms] [LOG] For syntax highlighting of code blocks, you must provide a `createCodeBlockSpec({ createHighlighter: () => ... })` function @ http://localhost:3000/admin/_next/static/chunks/0kic_next_dist_0z41kha._.js:2477
[   30623ms] [INFO] %cDownload the React DevTools for a better development experience: https://react.dev/link/react-devtools font-weight:bold @ http://localhost:3000/super-admin/_next/static/chunks/0kic_next_dist_0z41kha._.js:2477
[   30647ms] [LOG] [HMR] connected @ http://localhost:3000/super-admin/_next/static/chunks/0kic_next_dist_0z41kha._.js:2477
[   31064ms] [LOG] For syntax highlighting of code blocks, you must provide a `createCodeBlockSpec({ createHighlighter: () => ... })` function @ http://localhost:3000/super-admin/_next/static/chunks/0kic_next_dist_0z41kha._.js:2477
[   87259ms] [ERROR] WebSocket connection to 'ws://localhost:3000/super-admin/_next/webpack-hmr?id=t_zr-aOwcqTw7Pg4h1BPf' failed: Error in connection establishment: net::ERR_CONNECTION_REFUSED @ http://localhost:3000/super-admin/_next/static/chunks/0kic_next_dist_client_0shlhmm._.js:13322
[   90640ms] [ERROR] WebSocket connection to 'ws://localhost:3000/super-admin/_next/webpack-hmr?id=t_zr-aOwcqTw7Pg4h1BPf' failed: Error in connection establishment: net::ERR_CONNECTION_REFUSED @ http://localhost:3000/super-admin/_next/static/chunks/0kic_next_dist_client_0shlhmm._.js:13322
[   94069ms] [ERROR] WebSocket connection to 'ws://localhost:3000/super-admin/_next/webpack-hmr?id=t_zr-aOwcqTw7Pg4h1BPf' failed: Error in connection establishment: net::ERR_CONNECTION_REFUSED @ http://localhost:3000/super-admin/_next/static/chunks/0kic_next_dist_client_0shlhmm._.js:13322
[   97422ms] [ERROR] WebSocket connection to 'ws://localhost:3000/super-admin/_next/webpack-hmr?id=t_zr-aOwcqTw7Pg4h1BPf' failed: Error in connection establishment: net::ERR_CONNECTION_REFUSED @ http://localhost:3000/super-admin/_next/static/chunks/0kic_next_dist_client_0shlhmm._.js:13322
[  100780ms] [ERROR] WebSocket connection to 'ws://localhost:3000/super-admin/_next/webpack-hmr?id=t_zr-aOwcqTw7Pg4h1BPf' failed: Error in connection establishment: net::ERR_CONNECTION_REFUSED @ http://localhost:3000/super-admin/_next/static/chunks/0kic_next_dist_client_0shlhmm._.js:13322
[  108117ms] [ERROR] WebSocket connection to 'ws://localhost:3000/super-admin/_next/webpack-hmr?id=t_zr-aOwcqTw7Pg4h1BPf' failed: Error in connection establishment: net::ERR_CONNECTION_REFUSED @ http://localhost:3000/super-admin/_next/static/chunks/0kic_next_dist_client_0shlhmm._.js:13322
[  115478ms] [ERROR] WebSocket connection to 'ws://localhost:3000/super-admin/_next/webpack-hmr?id=t_zr-aOwcqTw7Pg4h1BPf' failed: Error in connection establishment: net::ERR_CONNECTION_REFUSED @ http://localhost:3000/super-admin/_next/static/chunks/0kic_next_dist_client_0shlhmm._.js:13322
[  122830ms] [ERROR] WebSocket connection to 'ws://localhost:3000/super-admin/_next/webpack-hmr?id=t_zr-aOwcqTw7Pg4h1BPf' failed: Error in connection establishment: net::ERR_CONNECTION_REFUSED @ http://localhost:3000/super-admin/_next/static/chunks/0kic_next_dist_client_0shlhmm._.js:13322
[  130166ms] [ERROR] WebSocket connection to 'ws://localhost:3000/super-admin/_next/webpack-hmr?id=t_zr-aOwcqTw7Pg4h1BPf' failed: Error in connection establishment: net::ERR_CONNECTION_REFUSED @ http://localhost:3000/super-admin/_next/static/chunks/0kic_next_dist_client_0shlhmm._.js:13322
[  137532ms] [ERROR] WebSocket connection to 'ws://localhost:3000/super-admin/_next/webpack-hmr?id=t_zr-aOwcqTw7Pg4h1BPf' failed: Error in connection establishment: net::ERR_CONNECTION_REFUSED @ http://localhost:3000/super-admin/_next/static/chunks/0kic_next_dist_client_0shlhmm._.js:13322
[  144870ms] [ERROR] WebSocket connection to 'ws://localhost:3000/super-admin/_next/webpack-hmr?id=t_zr-aOwcqTw7Pg4h1BPf' failed: Error in connection establishment: net::ERR_CONNECTION_REFUSED @ http://localhost:3000/super-admin/_next/static/chunks/0kic_next_dist_client_0shlhmm._.js:13322
[  152222ms] [ERROR] WebSocket connection to 'ws://localhost:3000/super-admin/_next/webpack-hmr?id=t_zr-aOwcqTw7Pg4h1BPf' failed: Error in connection establishment: net::ERR_CONNECTION_REFUSED @ http://localhost:3000/super-admin/_next/static/chunks/0kic_next_dist_client_0shlhmm._.js:13322
[  415898ms] [INFO] %cDownload the React DevTools for a better development experience: https://react.dev/link/react-devtools font-weight:bold @ http://localhost:3000/super-admin/_next/static/chunks/0kic_next_dist_0z41kha._.js:2477
[  415987ms] [LOG] [HMR] connected @ http://localhost:3000/super-admin/_next/static/chunks/0kic_next_dist_0z41kha._.js:2477
[  417215ms] [LOG] For syntax highlighting of code blocks, you must provide a `createCodeBlockSpec({ createHighlighter: () => ... })` function @ http://localhost:3000/super-admin/_next/static/chunks/0kic_next_dist_0z41kha._.js:2477
[ 2598163ms] [LOG] [HMR] connected @ http://localhost:3000/super-admin/_next/static/chunks/0kic_next_dist_0z41kha._.js:2477
[ 2598298ms] [LOG] [Fast Refresh] rebuilding @ http://localhost:3000/super-admin/_next/static/chunks/0kic_next_dist_0z41kha._.js:2477
[ 2598306ms] [LOG] [Fast Refresh] done in 107ms @ http://localhost:3000/super-admin/_next/static/chunks/0kic_next_dist_0z41kha._.js:2477
